<?xml version="1.0" encoding="UTF-8"?>
<testsuite xmlns:xsi="http://www.w3.org/2001/XMLSchema-instance" xsi:noNamespaceSchemaLocation="https://maven.apache.org/surefire/maven-surefire-plugin/xsd/surefire-test-report-3.0.xsd" version="3.0" name="com.example.AppTest" time="0.046" tests="1" errors="0" skipped="0" failures="0">
  <properties>
    <property name="java.specification.version" value="17"/>
    <property name="sun.cpu.isalist" value="amd64"/>
    <property name="sun.jnu.encoding" value="Cp1252"/>
    <property name="java.class.path" value="C:\Users\Vedanta M S\Desktop\veda\myapp\target\test-classes;C:\Users\Vedanta M S\Desktop\veda\myapp\target\classes;C:\Users\Vedanta M S\.m2\repository\junit\junit\4.13.2\junit-4.13.2.jar;C:\Users\Vedanta M S\.m2\repository\org\hamcrest\hamcrest-core\1.3\hamcrest-core-1.3.jar;"/>
    <property name="java.vm.vendor" value="Microsoft"/>
    <property name="sun.arch.data.model" value="64"/>
    <property name="user.variant" value=""/>
    <property name="java.vendor.url" value="https://www.microsoft.com"/>
    <property name="user.timezone" value="Asia/Calcutta"/>
    <property name="os.name" value="Windows 11"/>
    <property name="java.vm.specification.version" value="17"/>
    <property name="sun.java.launcher" value="SUN_STANDARD"/>
    <property name="user.country" value="IN"/>
    <property name="sun.boot.library.path" value="C:\Program Files\Microsoft\jdk-17.0.14.7-hotspot\bin"/>
    <property name="sun.java.command" value="C:\Users\Vedanta M S\AppData\Local\Temp\surefire13609201476497097802\surefirebooter-20250312122049458_3.jar C:\Users\Vedanta M S\AppData\Local\Temp\surefire13609201476497097802 2025-03-12T12-20-49_385-jvmRun1 surefire-20250312122049458_1tmp surefire_0-20250312122049458_2tmp"/>
    <property name="jdk.debug" value="release"/>
    <property name="surefire.test.class.path" value="C:\Users\Vedanta M S\Desktop\veda\myapp\target\test-classes;C:\Users\Vedanta M S\Desktop\veda\myapp\target\classes;C:\Users\Vedanta M S\.m2\repository\junit\junit\4.13.2\junit-4.13.2.jar;C:\Users\Vedanta M S\.m2\repository\org\hamcrest\hamcrest-core\1.3\hamcrest-core-1.3.jar;"/>
    <property name="sun.cpu.endian" value="little"/>
    <property name="user.home" value="C:\Users\Vedanta M S"/>
    <property name="user.language" value="en"/>
    <property name="java.specification.vendor" value="Oracle Corporation"/>
    <property name="java.version.date" value="2025-01-21"/>
    <property name="java.home" value="C:\Program Files\Microsoft\jdk-17.0.14.7-hotspot"/>
    <property name="file.separator" value="\"/>
    <property name="basedir" value="C:\Users\Vedanta M S\Desktop\veda\myapp"/>
    <property name="java.vm.compressedOopsMode" value="Zero based"/>
    <property name="line.separator" value="&#10;"/>
    <property name="java.vm.specification.vendor" value="Oracle Corporation"/>
    <property name="java.specification.name" value="Java Platform API Specification"/>
    <property name="surefire.real.class.path" value="C:\Users\Vedanta M S\AppData\Local\Temp\surefire13609201476497097802\surefirebooter-20250312122049458_3.jar"/>
    <property name="user.script" value=""/>
    <property name="sun.management.compiler" value="HotSpot 64-Bit Tiered Compilers"/>
    <property name="java.runtime.version" value="17.0.14+7-LTS"/>
    <property name="user.name" value="Vedanta M S"/>
    <property name="path.separator" value=";"/>
    <property name="os.version" value="10.0"/>
    <property name="java.runtime.name" value="OpenJDK Runtime Environment"/>
    <property name="file.encoding" value="Cp1252"/>
    <property name="java.vm.name" value="OpenJDK 64-Bit Server VM"/>
    <property name="java.vendor.version" value="Microsoft-10800295"/>
    <property name="localRepository" value="C:\Users\Vedanta M S\.m2\repository"/>
    <property name="java.vendor.url.bug" value="https://github.com/microsoft/openjdk/issues"/>
    <property name="java.io.tmpdir" value="C:\Users\VEDANT~1\AppData\Local\Temp\"/>
    <property name="java.version" value="17.0.14"/>
    <property name="user.dir" value="C:\Users\Vedanta M S\Desktop\veda\myapp"/>
    <property name="os.arch" value="amd64"/>
    <property name="java.vm.specification.name" value="Java Virtual Machine Specification"/>
    <property name="sun.os.patch.level" value=""/>
    <property name="native.encoding" value="Cp1252"/>
    <property name="java.library.path" value="C:\Program Files\Microsoft\jdk-17.0.14.7-hotspot\bin;C:\Windows\Sun\Java\bin;C:\Windows\system32;C:\Windows;C:\Users\Vedanta M S\flutter_windows_3.29.1-stable\flutter\bin;C:\Users\Vedanta M S\AppData\Local\Programs\Python\Python312\Scripts\;C:\Users\Vedanta M S\AppData\Local\Programs\Python\Python312\;C:\Program Files\Microsoft\jdk-17.0.14.7-hotspot\bin;C:\Program Files\NVIDIA GPU Computing Toolkit\CUDA\v12.4\bin;C:\Program Files\NVIDIA GPU Computing Toolkit\CUDA\v12.4\libnvvp;C:\Program Files\ImageMagick-7.1.1-Q16-HDRI;C:\Program Files\Git\bin;C:\Program Files\Common Files\Oracle\Java\javapath;C:\Windows\system32;C:\Windows;C:\Windows\System32\Wbem;C:\Windows\System32\WindowsPowerShell\v1.0\;C:\Windows\System32\OpenSSH\;C:\Program Files\Git\cmd;C:\Program Files\NVIDIA Corporation\Nsight Compute 2024.1.0\;C:\Program Files\dotnet\;C:\Program Files (x86)\Windows Kits\10\Windows Performance Toolkit\;C:\Program Files (x86)\Microsoft SQL Server\160\Tools\Binn\;C:\Program Files\Microsoft SQL Server\160\Tools\Binn\;C:\Program Files\Microsoft SQL Server\Client SDK\ODBC\170\Tools\Binn\;C:\Program Files\Microsoft SQL Server\160\DTS\Binn\;C:\Program Files (x86)\Microsoft SQL Server\160\DTS\Binn\;C:\Program Files\CMake\bin;C:\ProgramData\chocolatey\bin;C:\Program Files\Git\cmd;C:\Program Files\Git\bin\git.exe;C:\Users\Vedanta M S\Downloads\cudnn-windows-x86_64-8.9.7.29_cuda12-archive (1)\cudnn-windows-x86_64-8.9.7.29_cuda12-archive\lib\x64;C:\Users\Vedanta M S\Downloads\cudnn-windows-x86_64-8.9.7.29_cuda12-archive (1)\cudnn-windows-x86_64-8.9.7.29_cuda12-archive\bin;C:\Users\Vedanta M S\Downloads\cudnn-windows-x86_64-8.9.7.29_cuda12-archive (1)\cudnn-windows-x86_64-8.9.7.29_cuda12-archive\include;C:\Program Files\nodejs\;C:\apache-maven-3.9.9\bin;C:\gradle-8.13-bin\gradle-8.13\bin;;C:\Program Files\Docker\Docker\resources\bin;C:\Program Files\Java\jdk-21\bin;C:\Users\Vedanta M S\AppData\Local\Programs\Python\Python312\;C:\Users\Vedanta M S\AppData\Local\Programs\Python\Python312\Scripts\;C:\Users\Vedanta M S\AppData\Local\Microsoft\WindowsApps;C:\Program Files\JetBrains\PyCharm 2023.3.3\bin;;C:\Users\Vedanta M S\.dotnet\tools;C:\Users\Vedanta M S\flutter\bin;C:\Users\Vedanta M S\AppData\Roaming\npm;C:\Users\Vedanta M S\Downloads\cudnn-windows-x86_64-8.9.7.29_cuda12-archive\cudnn-windows-x86_64-8.9.7.29_cuda12-archive\bin;C:\Users\Vedanta M S\Downloads\cudnn-windows-x86_64-8.9.7.29_cuda12-archive\cudnn-windows-x86_64-8.9.7.29_cuda12-archive\lib\x64;C:\Users\Vedanta M S\Downloads\cudnn-windows-x86_64-8.9.7.29_cuda12-archive\cudnn-windows-x86_64-8.9.7.29_cuda12-archive\include;C:\Users\Vedanta M S\AppData\Local\Programs\Microsoft VS Code\bin;C:\Users\Vedanta M S\Downloads\apache-maven-3.9.9-bin\apache-maven-3.9.9\bin;C:\Program Files\OpenSSL-Win64\bin;C:\Packer;;c:\Users\Vedanta M S\AppData\Roaming\Code\User\globalStorage\github.copilot-chat\debugCommand;."/>
    <property name="java.vm.info" value="mixed mode, sharing"/>
    <property name="java.vendor" value="Microsoft"/>
    <property name="java.vm.version" value="17.0.14+7-LTS"/>
    <property name="java.specification.maintenance.version" value="1"/>
    <property name="sun.io.unicode.encoding" value="UnicodeLittle"/>
    <property name="java.class.version" value="61.0"/>
  </properties>
  <testcase name="testApp" classname="com.example.AppTest" time="0.002"/>
</testsuite>